
Lmod is automatically replacing "intel/2020.1.217" with "gcc/9.3.0".


The following have been reloaded with a version change:
  1) python/3.9.6 => python/3.11.2

venv activated
call python script next
OSError: [Errno 122] Disk quota exceeded

During handling of the above exception, another exception occurred:

Traceback (most recent call last):
  File "/home/ulaval.ca/lesee/projects/Project2-synergiqc/PFS/src/ML-NT-PFS-all-clinical-test2.py", line 298, in <module>
    final_max_scores_df.to_csv(os.path.join(main_dir, 'results/'+file_name+'/'+model_name +'/'+ model_name + '_max_scores_with_config_'+ method+ '.csv'), index=False, float_format='%.7f')            
    ^^^^^^^^^^^^^^^^^^^^^^^^^^^^^^^^^^^^^^^^^^^^^^^^^^^^^^^^^^^^^^^^^^^^^^^^^^^^^^^^^^^^^^^^^^^^^^^^^^^^^^^^^^^^^^^^^^^^^^^^^^^^^^^^^^^^^^^^^^^^^^^^^^^^^^^^^^^^^^^^^^^^^^^^^^^^^^^^^^^^^^^
  File "/cvmfs/soft.computecanada.ca/easybuild/software/2020/avx2/Core/scipy-stack/2022a/lib/python3.11/site-packages/pandas/util/_decorators.py", line 211, in wrapper
    return func(*args, **kwargs)
           ^^^^^^^^^^^^^^^^^^^^^
  File "/cvmfs/soft.computecanada.ca/easybuild/software/2020/avx2/Core/scipy-stack/2022a/lib/python3.11/site-packages/pandas/core/generic.py", line 3720, in to_csv
    return DataFrameRenderer(formatter).to_csv(
           ^^^^^^^^^^^^^^^^^^^^^^^^^^^^^^^^^^^^
  File "/cvmfs/soft.computecanada.ca/easybuild/software/2020/avx2/Core/scipy-stack/2022a/lib/python3.11/site-packages/pandas/util/_decorators.py", line 211, in wrapper
    return func(*args, **kwargs)
           ^^^^^^^^^^^^^^^^^^^^^
  File "/cvmfs/soft.computecanada.ca/easybuild/software/2020/avx2/Core/scipy-stack/2022a/lib/python3.11/site-packages/pandas/io/formats/format.py", line 1189, in to_csv
    csv_formatter.save()
  File "/cvmfs/soft.computecanada.ca/easybuild/software/2020/avx2/Core/scipy-stack/2022a/lib/python3.11/site-packages/pandas/io/formats/csvs.py", line 241, in save
    with get_handle(
  File "/cvmfs/soft.computecanada.ca/easybuild/software/2020/avx2/Core/scipy-stack/2022a/lib/python3.11/site-packages/pandas/io/common.py", line 133, in __exit__
    self.close()
  File "/cvmfs/soft.computecanada.ca/easybuild/software/2020/avx2/Core/scipy-stack/2022a/lib/python3.11/site-packages/pandas/io/common.py", line 125, in close
    handle.close()
OSError: [Errno 122] Disk quota exceeded
